#
# There is insufficient memory for the Java Runtime Environment to continue.
# Native memory allocation (malloc) failed to allocate 1523376 bytes for Chunk::new
# Possible reasons:
#   The system is out of physical RAM or swap space
#   The process is running with CompressedOops enabled, and the Java Heap may be blocking the growth of the native heap
# Possible solutions:
#   Reduce memory load on the system
#   Increase physical memory or swap space
#   Check if swap backing store is full
#   Decrease Java heap size (-Xmx/-Xms)
#   Decrease number of Java threads
#   Decrease Java thread stack sizes (-Xss)
#   Set larger code cache with -XX:ReservedCodeCacheSize=
#   JVM is running with Unscaled Compressed Oops mode in which the Java heap is
#     placed in the first 4GB address space. The Java Heap base address is the
#     maximum limit for the native heap growth. Please use -XX:HeapBaseMinAddress
#     to set the Java Heap base and to place the Java Heap above 4GB virtual address.
# This output file may be truncated or incomplete.
#
#  Out of Memory Error (allocation.cpp:389), pid=6472, tid=0x0000000000002e30
#
# JRE version: OpenJDK Runtime Environment (8.0_242-b01) (build 1.8.0_242-release-1644-b01)
# Java VM: OpenJDK 64-Bit Server VM (25.242-b01 mixed mode windows-amd64 compressed oops)
# Failed to write core dump. Minidumps are not enabled by default on client versions of Windows
#

---------------  T H R E A D  ---------------

Current thread (0x000000001a062000):  JavaThread "C2 CompilerThread0" daemon [_thread_in_native, id=11824, stack(0x000000001a940000,0x000000001aa40000)]

Stack: [0x000000001a940000,0x000000001aa40000]
[error occurred during error reporting (printing stack bounds), id 0xc0000005]

Native frames: (J=compiled Java code, j=interpreted, Vv=VM code, C=native code)


Current CompileTask:
C2:  40145 15474 %     4       org.jetbrains.kotlin.gradle.internal.kapt.incremental.ClasspathEntryData::readObject @ 204 (557 bytes)


---------------  P R O C E S S  ---------------

Java Threads: ( => current thread )
  0x000000001bf84000 JavaThread "WorkerExecutor Queue Thread 10" [_thread_blocked, id=12644, stack(0x00000000347e0000,0x00000000348e0000)]
  0x000000001bf82800 JavaThread "RMI TCP Connection(1)-127.0.0.1" daemon [_thread_in_native, id=496, stack(0x00000000344e0000,0x00000000345e0000)]
  0x000000001bf84800 JavaThread "RMI Reaper" [_thread_blocked, id=5428, stack(0x00000000343e0000,0x00000000344e0000)]
  0x000000001bf81800 JavaThread "RMI TCP Accept-0" daemon [_thread_in_native, id=10340, stack(0x00000000342e0000,0x00000000343e0000)]
  0x000000001bf81000 JavaThread "GC Daemon" daemon [_thread_blocked, id=10920, stack(0x00000000341e0000,0x00000000342e0000)]
  0x000000001bf79800 JavaThread "RMI RenewClean-[127.0.0.1:17958,org.jetbrains.kotlin.daemon.common.LoopbackNetworkInterface$ClientLoopbackSocketFactory@4ebfc540]" daemon [_thread_blocked, id=10152, stack(0x0000000031ac0000,0x0000000031bc0000)]
  0x000000001bf80000 JavaThread "RMI Scheduler(0)" daemon [_thread_blocked, id=4620, stack(0x0000000032740000,0x0000000032840000)]
  0x000000001bf7d000 JavaThread "WorkerExecutor Queue Thread 9" [_thread_blocked, id=7976, stack(0x00000000319c0000,0x0000000031ac0000)]
  0x000000001bf7f800 JavaThread "stdout" [_thread_in_native, id=12192, stack(0x0000000033ee0000,0x0000000033fe0000)]
  0x000000001bf7b000 JavaThread "stderr" [_thread_in_native, id=424, stack(0x0000000033de0000,0x0000000033ee0000)]
  0x000000001bf78000 JavaThread "stdout" [_thread_in_native, id=9968, stack(0x0000000033ce0000,0x0000000033de0000)]
  0x000000001bf7e800 JavaThread "stderr" [_thread_in_native, id=8540, stack(0x0000000033be0000,0x0000000033ce0000)]
  0x000000001bf7e000 JavaThread "stdout" [_thread_in_native, id=13116, stack(0x0000000033ae0000,0x0000000033be0000)]
  0x000000001bf77000 JavaThread "stderr" [_thread_in_native, id=1720, stack(0x00000000339e0000,0x0000000033ae0000)]
  0x000000001bf7a000 JavaThread "stdout" [_thread_in_native, id=2500, stack(0x00000000338e0000,0x00000000339e0000)]
  0x000000001c1e1800 JavaThread "stderr" [_thread_in_native, id=5672, stack(0x00000000337e0000,0x00000000338e0000)]
  0x000000001c1e1000 JavaThread "stdout" [_thread_in_native, id=7964, stack(0x00000000336e0000,0x00000000337e0000)]
  0x000000001c1e0000 JavaThread "stderr" [_thread_in_native, id=12324, stack(0x00000000335e0000,0x00000000336e0000)]
  0x000000001c1dd000 JavaThread "stdout" [_thread_in_native, id=8032, stack(0x00000000334e0000,0x00000000335e0000)]
  0x000000001c1db800 JavaThread "stderr" [_thread_in_native, id=1452, stack(0x00000000333e0000,0x00000000334e0000)]
  0x000000001c1df800 JavaThread "stdout" [_thread_in_native, id=12044, stack(0x00000000332e0000,0x00000000333e0000)]
  0x000000001c1e2800 JavaThread "stderr" [_thread_in_native, id=12160, stack(0x00000000331e0000,0x00000000332e0000)]
  0x000000001c1de800 JavaThread "stdout" [_thread_in_native, id=13368, stack(0x00000000330e0000,0x00000000331e0000)]
  0x000000001c1de000 JavaThread "stderr" [_thread_in_native, id=12300, stack(0x0000000032fe0000,0x00000000330e0000)]
  0x000000001c1d7000 JavaThread "pool-5-thread-1" [_thread_blocked, id=11548, stack(0x0000000032ee0000,0x0000000032fe0000)]
  0x000000001c1dc800 JavaThread "MarlinRenderer Disposer" daemon [_thread_blocked, id=6560, stack(0x0000000032de0000,0x0000000032ee0000)]
  0x000000001c1d5800 JavaThread "Java2D Disposer" daemon [_thread_blocked, id=3752, stack(0x0000000032ce0000,0x0000000032de0000)]
  0x000000001c1d9800 JavaThread "WorkerExecutor Queue Thread 7" [_thread_in_vm, id=13464, stack(0x0000000032640000,0x0000000032740000)]
  0x000000001c1d8800 JavaThread "WorkerExecutor Queue Thread 6" [_thread_blocked, id=1984, stack(0x0000000032540000,0x0000000032640000)]
  0x000000001cab5800 JavaThread "WorkerExecutor Queue" [_thread_blocked, id=3900, stack(0x00000000318c0000,0x00000000319c0000)]
  0x000000001caae800 JavaThread "Cache worker for execution history cache (D:\Partifolya\OllineShoppingclone\.gradle\6.5\executionHistory)" [_thread_blocked, id=11324, stack(0x0000000032240000,0x0000000032340000)]
  0x000000001cddd800 JavaThread "Execution worker for ':' Thread 7" [_thread_blocked, id=10440, stack(0x0000000032140000,0x0000000032240000)]
  0x000000001cddf000 JavaThread "Execution worker for ':' Thread 6" [_thread_blocked, id=4572, stack(0x0000000032040000,0x0000000032140000)]
  0x000000001cddc800 JavaThread "Execution worker for ':' Thread 5" [_thread_in_native, id=2148, stack(0x0000000031f40000,0x0000000032040000)]
  0x000000001cddc000 JavaThread "Execution worker for ':' Thread 4" [_thread_blocked, id=5704, stack(0x0000000031e40000,0x0000000031f40000)]
  0x000000001cdd4000 JavaThread "Execution worker for ':' Thread 3" [_thread_blocked, id=4960, stack(0x0000000031d40000,0x0000000031e40000)]
  0x000000001cddb000 JavaThread "Execution worker for ':' Thread 2" [_thread_blocked, id=2844, stack(0x0000000031c40000,0x0000000031d40000)]
  0x000000001cdd9800 JavaThread "Execution worker for ':'" [_thread_blocked, id=13088, stack(0x000000002f9d0000,0x000000002fad0000)]
  0x000000001cdd6800 JavaThread "Cache worker for file content cache (D:\Partifolya\OllineShoppingclone\.gradle\6.5\fileContent)" [_thread_blocked, id=6360, stack(0x000000002f8d0000,0x000000002f9d0000)]
  0x000000001cdd8000 JavaThread "Cache worker for Build Output Cleanup Cache (D:\Partifolya\OllineShoppingclone\.gradle\buildOutputCleanup)" [_thread_blocked, id=7824, stack(0x000000002eed0000,0x000000002efd0000)]
  0x000000001f7b3800 JavaThread "Build operations Thread 8" [_thread_blocked, id=10680, stack(0x000000002edd0000,0x000000002eed0000)]
  0x000000001f7ac000 JavaThread "Build operations Thread 7" [_thread_blocked, id=13604, stack(0x000000002ecd0000,0x000000002edd0000)]
  0x000000001f7b2800 JavaThread "Build operations Thread 6" [_thread_blocked, id=4688, stack(0x000000002e880000,0x000000002e980000)]
  0x000000001f7b2000 JavaThread "Build operations Thread 5" [_thread_blocked, id=12876, stack(0x000000002c5b0000,0x000000002c6b0000)]
  0x000000001f7af800 JavaThread "Build operations Thread 4" [_thread_blocked, id=7800, stack(0x0000000025330000,0x0000000025430000)]
  0x000000001f7b1000 JavaThread "Build operations Thread 3" [_thread_blocked, id=13852, stack(0x0000000025230000,0x0000000025330000)]
  0x000000001f7b0800 JavaThread "Build operations Thread 2" [_thread_blocked, id=6208, stack(0x0000000025130000,0x0000000025230000)]
  0x000000001f7a8000 JavaThread "Build operations" [_thread_blocked, id=11676, stack(0x0000000025030000,0x0000000025130000)]
  0x000000001f7af000 JavaThread "Cache worker for cache directory md-rule (C:\Users\ACER\.gradle\caches\6.5\md-rule)" [_thread_blocked, id=2492, stack(0x0000000024d30000,0x0000000024e30000)]
  0x000000001f7ae000 JavaThread "Cache worker for cache directory md-supplier (C:\Users\ACER\.gradle\caches\6.5\md-supplier)" [_thread_blocked, id=7508, stack(0x0000000024c30000,0x0000000024d30000)]
  0x000000001f7ad800 JavaThread "Cache worker for checksums cache (D:\Partifolya\OllineShoppingclone\.gradle\checksums)" [_thread_blocked, id=4596, stack(0x0000000022c60000,0x0000000022d60000)]
  0x000000001f7ac800 JavaThread "Cache worker for file hash cache (D:\Partifolya\OllineShoppingclone\.gradle\6.5\fileHashes)" [_thread_blocked, id=6248, stack(0x0000000022860000,0x0000000022960000)]
  0x000000001f7a4800 JavaThread "Thread-179" [_thread_blocked, id=8832, stack(0x0000000021510000,0x0000000021610000)]
  0x000000001f7a7800 JavaThread "Stdin handler" [_thread_blocked, id=11580, stack(0x0000000021410000,0x0000000021510000)]
  0x000000001f7ab000 JavaThread "Asynchronous log dispatcher for DefaultDaemonConnection: socket connection from /127.0.0.1:52543 to /127.0.0.1:52557" [_thread_blocked, id=6512, stack(0x000000001ea70000,0x000000001eb70000)]
  0x000000001f7a6000 JavaThread "Cancel handler" [_thread_blocked, id=7936, stack(0x000000001e670000,0x000000001e770000)]
  0x000000001f7a6800 JavaThread "Handler for socket connection from /127.0.0.1:52543 to /127.0.0.1:52557" [_thread_in_native, id=3296, stack(0x000000001e370000,0x000000001e470000)]
  0x000000001f7a9000 JavaThread "Memory manager" [_thread_blocked, id=12084, stack(0x000000002f3d0000,0x000000002f4d0000)]
  0x000000002380f800 JavaThread "jar transforms Thread 114" [_thread_blocked, id=9856, stack(0x000000002c2b0000,0x000000002c3b0000)]
  0x000000002380e800 JavaThread "jar transforms Thread 113" [_thread_blocked, id=7028, stack(0x000000002c1b0000,0x000000002c2b0000)]
  0x000000002380e000 JavaThread "jar transforms Thread 112" [_thread_blocked, id=2472, stack(0x000000002c0b0000,0x000000002c1b0000)]
  0x0000000023810000 JavaThread "jar transforms Thread 111" [_thread_blocked, id=4092, stack(0x000000002bfb0000,0x000000002c0b0000)]
  0x000000002380b800 JavaThread "jar transforms Thread 110" [_thread_blocked, id=4820, stack(0x000000002beb0000,0x000000002bfb0000)]
  0x000000002380d000 JavaThread "jar transforms Thread 109" [_thread_blocked, id=12308, stack(0x000000002bdb0000,0x000000002beb0000)]
  0x0000000023812800 JavaThread "jar transforms Thread 108" [_thread_blocked, id=3928, stack(0x000000002bcb0000,0x000000002bdb0000)]
  0x000000002380c800 JavaThread "jar transforms Thread 107" [_thread_blocked, id=11656, stack(0x000000002bbb0000,0x000000002bcb0000)]
  0x0000000023811800 JavaThread "jar transforms Thread 106" [_thread_blocked, id=13772, stack(0x000000002bab0000,0x000000002bbb0000)]
  0x0000000023804000 JavaThread "jar transforms Thread 105" [_thread_blocked, id=9808, stack(0x000000002b9b0000,0x000000002bab0000)]
  0x0000000023809800 JavaThread "jar transforms Thread 104" [_thread_blocked, id=7416, stack(0x000000002b8b0000,0x000000002b9b0000)]
  0x0000000023806800 JavaThread "jar transforms Thread 103" [_thread_blocked, id=13156, stack(0x000000002b7b0000,0x000000002b8b0000)]
  0x000000002380a000 JavaThread "jar transforms Thread 102" [_thread_blocked, id=11844, stack(0x000000002b6b0000,0x000000002b7b0000)]
  0x0000000023805000 JavaThread "jar transforms Thread 101" [_thread_blocked, id=14180, stack(0x000000002b5b0000,0x000000002b6b0000)]
  0x000000002380b000 JavaThread "jar transforms Thread 100" [_thread_blocked, id=7464, stack(0x000000002b4b0000,0x000000002b5b0000)]
  0x0000000023805800 JavaThread "jar transforms Thread 99" [_thread_blocked, id=1224, stack(0x000000002b3b0000,0x000000002b4b0000)]
  0x0000000023808800 JavaThread "jar transforms Thread 98" [_thread_blocked, id=11880, stack(0x000000002b2b0000,0x000000002b3b0000)]
  0x0000000023808000 JavaThread "jar transforms Thread 97" [_thread_blocked, id=2596, stack(0x000000002b1b0000,0x000000002b2b0000)]
  0x0000000023807000 JavaThread "jar transforms Thread 96" [_thread_blocked, id=7192, stack(0x000000002b0b0000,0x000000002b1b0000)]
  0x0000000023803800 JavaThread "jar transforms Thread 95" [_thread_blocked, id=5720, stack(0x000000002afb0000,0x000000002b0b0000)]
  0x000000001f98d000 JavaThread "jar transforms Thread 94" [_thread_blocked, id=13424, stack(0x000000002aeb0000,0x000000002afb0000)]
  0x000000001f98c000 JavaThread "jar transforms Thread 93" [_thread_blocked, id=7544, stack(0x000000002adb0000,0x000000002aeb0000)]
  0x000000001f98b800 JavaThread "jar transforms Thread 92" [_thread_blocked, id=1384, stack(0x000000002acb0000,0x000000002adb0000)]
  0x000000001f990000 JavaThread "jar transforms Thread 91" [_thread_blocked, id=3844, stack(0x000000002abb0000,0x000000002acb0000)]
  0x000000001f98a800 JavaThread "jar transforms Thread 90" [_thread_blocked, id=9696, stack(0x000000002aab0000,0x000000002abb0000)]
  0x000000001f98f000 JavaThread "jar transforms Thread 89" [_thread_blocked, id=2276, stack(0x000000002a9b0000,0x000000002aab0000)]
  0x000000001f98a000 JavaThread "jar transforms Thread 88" [_thread_blocked, id=10732, stack(0x000000002a8b0000,0x000000002a9b0000)]
  0x000000001f989000 JavaThread "jar transforms Thread 87" [_thread_blocked, id=2808, stack(0x000000002a7b0000,0x000000002a8b0000)]
  0x000000001f98e800 JavaThread "jar transforms Thread 86" [_thread_blocked, id=7100, stack(0x000000002a6b0000,0x000000002a7b0000)]
  0x000000001f98d800 JavaThread "jar transforms Thread 85" [_thread_blocked, id=6568, stack(0x000000002a5b0000,0x000000002a6b0000)]
  0x000000001f981800 JavaThread "jar transforms Thread 84" [_thread_blocked, id=11460, stack(0x000000002a4b0000,0x000000002a5b0000)]
  0x000000001f988800 JavaThread "jar transforms Thread 83" [_thread_blocked, id=8916, stack(0x000000002a3b0000,0x000000002a4b0000)]
  0x000000001f981000 JavaThread "jar transforms Thread 82" [_thread_blocked, id=7716, stack(0x000000002a2b0000,0x000000002a3b0000)]
  0x000000001f983000 JavaThread "jar transforms Thread 81" [_thread_blocked, id=2932, stack(0x000000002a1b0000,0x000000002a2b0000)]
  0x000000001f987800 JavaThread "jar transforms Thread 80" [_thread_blocked, id=3168, stack(0x000000002a0b0000,0x000000002a1b0000)]
  0x000000001f984800 JavaThread "jar transforms Thread 79" [_thread_blocked, id=3300, stack(0x0000000029fb0000,0x000000002a0b0000)]
  0x000000001f987000 JavaThread "jar transforms Thread 78" [_thread_blocked, id=11524, stack(0x0000000029eb0000,0x0000000029fb0000)]
  0x000000001f982800 JavaThread "jar transforms Thread 77" [_thread_blocked, id=3360, stack(0x0000000029db0000,0x0000000029eb0000)]
  0x000000001f984000 JavaThread "jar transforms Thread 76" [_thread_blocked, id=6548, stack(0x0000000029cb0000,0x0000000029db0000)]
  0x000000001f986000 JavaThread "jar transforms Thread 75" [_thread_blocked, id=10012, stack(0x0000000029bb0000,0x0000000029cb0000)]
  0x000000001f985800 JavaThread "jar transforms Thread 74" [_thread_blocked, id=11504, stack(0x0000000029ab0000,0x0000000029bb0000)]
  0x0000000020972000 JavaThread "jar transforms Thread 73" [_thread_blocked, id=9944, stack(0x00000000299b0000,0x0000000029ab0000)]
  0x0000000020974000 JavaThread "jar transforms Thread 72" [_thread_blocked, id=12176, stack(0x00000000298b0000,0x00000000299b0000)]
  0x0000000020971000 JavaThread "jar transforms Thread 71" [_thread_blocked, id=12244, stack(0x00000000297b0000,0x00000000298b0000)]
  0x000000002096e000 JavaThread "jar transforms Thread 70" [_thread_blocked, id=5372, stack(0x00000000296b0000,0x00000000297b0000)]
  0x000000002096f000 JavaThread "jar transforms Thread 69" [_thread_blocked, id=12296, stack(0x00000000295b0000,0x00000000296b0000)]
  0x000000002096d800 JavaThread "jar transforms Thread 68" [_thread_blocked, id=13908, stack(0x00000000294b0000,0x00000000295b0000)]
  0x0000000020970800 JavaThread "jar transforms Thread 67" [_thread_blocked, id=6200, stack(0x00000000293b0000,0x00000000294b0000)]
  0x0000000020973800 JavaThread "jar transforms Thread 66" [_thread_blocked, id=10308, stack(0x00000000292b0000,0x00000000293b0000)]
  0x0000000020972800 JavaThread "jar transforms Thread 65" [_thread_blocked, id=3588, stack(0x00000000291b0000,0x00000000292b0000)]
  0x000000002096c800 JavaThread "jar transforms Thread 64" [_thread_blocked, id=10196, stack(0x00000000290b0000,0x00000000291b0000)]
  0x000000002096f800 JavaThread "jar transforms Thread 63" [_thread_blocked, id=6632, stack(0x0000000028fb0000,0x00000000290b0000)]
  0x0000000020965000 JavaThread "jar transforms Thread 62" [_thread_blocked, id=14228, stack(0x0000000028eb0000,0x0000000028fb0000)]
  0x000000002096c000 JavaThread "jar transforms Thread 61" [_thread_blocked, id=11792, stack(0x0000000028db0000,0x0000000028eb0000)]
  0x0000000020968000 JavaThread "jar transforms Thread 60" [_thread_blocked, id=8444, stack(0x0000000028cb0000,0x0000000028db0000)]
  0x0000000020967800 JavaThread "jar transforms Thread 59" [_thread_blocked, id=4892, stack(0x0000000028bb0000,0x0000000028cb0000)]
  0x000000002096b000 JavaThread "jar transforms Thread 58" [_thread_blocked, id=11804, stack(0x0000000028ab0000,0x0000000028bb0000)]
  0x0000000020969800 JavaThread "jar transforms Thread 57" [_thread_blocked, id=10884, stack(0x00000000289b0000,0x0000000028ab0000)]
  0x000000002096a800 JavaThread "jar transforms Thread 56" [_thread_blocked, id=8852, stack(0x00000000288b0000,0x00000000289b0000)]
  0x0000000020966800 JavaThread "jar transforms Thread 55" [_thread_blocked, id=7056, stack(0x00000000287b0000,0x00000000288b0000)]
  0x0000000020969000 JavaThread "jar transforms Thread 54" [_thread_blocked, id=7608, stack(0x00000000286b0000,0x00000000287b0000)]
  0x0000000020966000 JavaThread "jar transforms Thread 53" [_thread_blocked, id=3268, stack(0x00000000285b0000,0x00000000286b0000)]
  0x00000000205de800 JavaThread "jar transforms Thread 52" [_thread_blocked, id=9028, stack(0x00000000284b0000,0x00000000285b0000)]
  0x00000000205dd800 JavaThread "jar transforms Thread 51" [_thread_blocked, id=7532, stack(0x00000000283b0000,0x00000000284b0000)]
  0x00000000205dd000 JavaThread "jar transforms Thread 50" [_thread_blocked, id=3216, stack(0x00000000282b0000,0x00000000283b0000)]
  0x00000000205df000 JavaThread "jar transforms Thread 49" [_thread_blocked, id=9236, stack(0x00000000281b0000,0x00000000282b0000)]
  0x00000000205dc000 JavaThread "jar transforms Thread 48" [_thread_blocked, id=13332, stack(0x00000000280b0000,0x00000000281b0000)]
  0x00000000205e0000 JavaThread "jar transforms Thread 47" [_thread_blocked, id=4464, stack(0x0000000027fb0000,0x00000000280b0000)]
  0x00000000205d5800 JavaThread "jar transforms Thread 46" [_thread_blocked, id=3320, stack(0x0000000027eb0000,0x0000000027fb0000)]
  0x00000000205d4800 JavaThread "jar transforms Thread 45" [_thread_blocked, id=4196, stack(0x0000000027db0000,0x0000000027eb0000)]
  0x00000000205db800 JavaThread "jar transforms Thread 44" [_thread_blocked, id=8988, stack(0x0000000027cb0000,0x0000000027db0000)]
  0x00000000205d4000 JavaThread "jar transforms Thread 43" [_thread_blocked, id=13420, stack(0x0000000027bb0000,0x0000000027cb0000)]
  0x00000000205da800 JavaThread "jar transforms Thread 42" [_thread_blocked, id=9684, stack(0x0000000027ab0000,0x0000000027bb0000)]
  0x00000000205d3000 JavaThread "jar transforms Thread 41" [_thread_blocked, id=13288, stack(0x00000000279b0000,0x0000000027ab0000)]
  0x00000000205da000 JavaThread "jar transforms Thread 40" [_thread_blocked, id=5028, stack(0x00000000278b0000,0x00000000279b0000)]
  0x00000000205d2800 JavaThread "jar transforms Thread 39" [_thread_blocked, id=2768, stack(0x00000000277b0000,0x00000000278b0000)]
  0x00000000205d9000 JavaThread "jar transforms Thread 38" [_thread_blocked, id=14316, stack(0x00000000276b0000,0x00000000277b0000)]
  0x00000000205d7800 JavaThread "jar transforms Thread 37" [_thread_blocked, id=5632, stack(0x00000000275b0000,0x00000000276b0000)]
  0x00000000205d8800 JavaThread "jar transforms Thread 36" [_thread_blocked, id=9676, stack(0x00000000274b0000,0x00000000275b0000)]
  0x00000000205d6000 JavaThread "jar transforms Thread 35" [_thread_blocked, id=4600, stack(0x00000000273b0000,0x00000000274b0000)]
  0x00000000205d1000 JavaThread "jar transforms Thread 34" [_thread_blocked, id=13872, stack(0x00000000272b0000,0x00000000273b0000)]
  0x00000000205d1800 JavaThread "jar transforms Thread 33" [_thread_blocked, id=10964, stack(0x00000000271b0000,0x00000000272b0000)]
  0x00000000205d7000 JavaThread "jar transforms Thread 32" [_thread_blocked, id=13264, stack(0x00000000270b0000,0x00000000271b0000)]
  0x00000000225a8800 JavaThread "jar transforms Thread 31" [_thread_blocked, id=9092, stack(0x0000000026fb0000,0x00000000270b0000)]
  0x00000000225ad000 JavaThread "jar transforms Thread 30" [_thread_blocked, id=12792, stack(0x0000000026eb0000,0x0000000026fb0000)]
  0x00000000225ab800 JavaThread "jar transforms Thread 29" [_thread_blocked, id=1088, stack(0x0000000026db0000,0x0000000026eb0000)]
  0x00000000225ae800 JavaThread "jar transforms Thread 28" [_thread_blocked, id=4084, stack(0x0000000026cb0000,0x0000000026db0000)]
  0x00000000225ab000 JavaThread "jar transforms Thread 27" [_thread_blocked, id=9564, stack(0x0000000026bb0000,0x0000000026cb0000)]
  0x00000000225a8000 JavaThread "jar transforms Thread 26" [_thread_blocked, id=6172, stack(0x0000000026ab0000,0x0000000026bb0000)]
  0x00000000225aa000 JavaThread "jar transforms Thread 25" [_thread_blocked, id=8520, stack(0x00000000269b0000,0x0000000026ab0000)]
  0x00000000225ae000 JavaThread "jar transforms Thread 24" [_thread_blocked, id=10304, stack(0x00000000268b0000,0x00000000269b0000)]
  0x00000000225a9800 JavaThread "jar transforms Thread 23" [_thread_blocked, id=8284, stack(0x00000000267b0000,0x00000000268b0000)]
  0x00000000225a5800 JavaThread "jar transforms Thread 22" [_thread_blocked, id=4692, stack(0x00000000266b0000,0x00000000267b0000)]
  0x00000000225ac800 JavaThread "jar transforms Thread 21" [_thread_blocked, id=8884, stack(0x00000000265b0000,0x00000000266b0000)]
  0x00000000225a7000 JavaThread "jar transforms Thread 20" [_thread_blocked, id=2296, stack(0x0000000024b30000,0x0000000024c30000)]
  0x000000002259f800 JavaThread "jar transforms Thread 19" [_thread_blocked, id=4660, stack(0x0000000024a30000,0x0000000024b30000)]
  0x00000000225a0800 JavaThread "jar transforms Thread 18" [_thread_blocked, id=5676, stack(0x0000000024930000,0x0000000024a30000)]
  0x00000000225a5000 JavaThread "jar transforms Thread 17" [_thread_blocked, id=8496, stack(0x00000000264b0000,0x00000000265b0000)]
  0x00000000225a3800 JavaThread "jar transforms Thread 16" [_thread_blocked, id=11836, stack(0x00000000263b0000,0x00000000264b0000)]
  0x00000000225a2800 JavaThread "jar transforms Thread 15" [_thread_blocked, id=11068, stack(0x00000000262b0000,0x00000000263b0000)]
  0x00000000225a4000 JavaThread "jar transforms Thread 14" [_thread_blocked, id=7872, stack(0x00000000261b0000,0x00000000262b0000)]
  0x00000000225a1000 JavaThread "jar transforms Thread 13" [_thread_blocked, id=10124, stack(0x00000000260b0000,0x00000000261b0000)]
  0x00000000225a6800 JavaThread "jar transforms Thread 12" [_thread_blocked, id=6148, stack(0x0000000025fb0000,0x00000000260b0000)]
  0x00000000225a2000 JavaThread "jar transforms Thread 11" [_thread_blocked, id=5892, stack(0x0000000025eb0000,0x0000000025fb0000)]
  0x000000001cde3800 JavaThread "jar transforms Thread 10" [_thread_blocked, id=9396, stack(0x0000000025db0000,0x0000000025eb0000)]
  0x000000001cde2800 JavaThread "jar transforms Thread 9" [_thread_blocked, id=7840, stack(0x0000000025cb0000,0x0000000025db0000)]
  0x000000001cde2000 JavaThread "jar transforms Thread 8" [_thread_blocked, id=12112, stack(0x0000000025bb0000,0x0000000025cb0000)]
  0x000000001cde1000 JavaThread "jar transforms Thread 7" [_thread_blocked, id=11312, stack(0x0000000025ab0000,0x0000000025bb0000)]
  0x000000001cde0800 JavaThread "jar transforms Thread 6" [_thread_blocked, id=13248, stack(0x00000000259b0000,0x0000000025ab0000)]
  0x000000001cdd8800 JavaThread "jar transforms Thread 5" [_thread_blocked, id=12628, stack(0x00000000258b0000,0x00000000259b0000)]
  0x000000001cddf800 JavaThread "jar transforms Thread 4" [_thread_blocked, id=8580, stack(0x00000000257b0000,0x00000000258b0000)]
  0x000000001cdde000 JavaThread "jar transforms Thread 3" [_thread_blocked, id=12436, stack(0x00000000256b0000,0x00000000257b0000)]
  0x000000001cdda800 JavaThread "jar transforms Thread 2" [_thread_blocked, id=1556, stack(0x00000000255b0000,0x00000000256b0000)]
  0x000000001cab2800 JavaThread "Cache worker for file content cache (C:\Users\ACER\.gradle\caches\6.5\fileContent)" [_thread_blocked, id=11700, stack(0x0000000023260000,0x0000000023360000)]
  0x000000001cab3000 JavaThread "jar transforms" [_thread_blocked, id=6304, stack(0x0000000023160000,0x0000000023260000)]
  0x000000001cab1800 JavaThread "Cache worker for execution history cache (C:\Users\ACER\.gradle\caches\6.5\executionHistory)" [_thread_blocked, id=7172, stack(0x0000000022960000,0x0000000022a60000)]
  0x000000001caaf800 JavaThread "Cache worker for file hash cache (C:\Users\ACER\.gradle\caches\6.5\fileHashes)" [_thread_blocked, id=6264, stack(0x000000001ef70000,0x000000001f070000)]
  0x000000001cab4800 JavaThread "File lock request listener" [_thread_in_native, id=7564, stack(0x000000001ee70000,0x000000001ef70000)]
  0x000000001ca20000 JavaThread "Cache worker for journal cache (C:\Users\ACER\.gradle\caches\journal-1)" [_thread_blocked, id=13940, stack(0x000000001ed70000,0x000000001ee70000)]
  0x000000001ca04800 JavaThread "Daemon worker" [_thread_blocked, id=11584, stack(0x000000001e770000,0x000000001e870000)]
  0x000000001b242000 JavaThread "Daemon" [_thread_blocked, id=8508, stack(0x000000001e270000,0x000000001e370000)]
  0x000000001c9e8800 JavaThread "Daemon periodic checks" [_thread_blocked, id=1864, stack(0x000000001e170000,0x000000001e270000)]
  0x000000001c9a2000 JavaThread "Incoming local TCP Connector on port 52543" [_thread_in_native, id=1624, stack(0x000000001df20000,0x000000001e020000)]
  0x000000001c8f0000 JavaThread "Daemon health stats" [_thread_blocked, id=5364, stack(0x000000001d8e0000,0x000000001d9e0000)]
  0x000000001a07d000 JavaThread "Service Thread" daemon [_thread_blocked, id=7924, stack(0x000000001ad40000,0x000000001ae40000)]
  0x000000001a06c000 JavaThread "C1 CompilerThread3" daemon [_thread_blocked, id=9248, stack(0x000000001ac40000,0x000000001ad40000)]
  0x000000001a068000 JavaThread "C2 CompilerThread2" daemon [_thread_in_native, id=5496, stack(0x000000001ab40000,0x000000001ac40000)]
  0x000000001825b000 JavaThread "C2 CompilerThread1" daemon [_thread_in_native, id=2852, stack(0x000000001aa40000,0x000000001ab40000)]
=>0x000000001a062000 JavaThread "C2 CompilerThread0" daemon [_thread_in_native, id=11824, stack(0x000000001a940000,0x000000001aa40000)]
  0x000000001a061000 JavaThread "Attach Listener" daemon [_thread_blocked, id=3576, stack(0x000000001a840000,0x000000001a940000)]
  0x000000001a060000 JavaThread "Signal Dispatcher" daemon [_thread_blocked, id=13988, stack(0x000000001a740000,0x000000001a840000)]
  0x000000001a051800 JavaThread "Finalizer" daemon [_thread_blocked, id=7276, stack(0x000000001a530000,0x000000001a630000)]
  0x000000001a050800 JavaThread "Reference Handler" daemon [_thread_blocked, id=6156, stack(0x000000001a430000,0x000000001a530000)]
  0x0000000002fdd800 JavaThread "main" [_thread_blocked, id=6636, stack(0x0000000002fe0000,0x00000000030e0000)]

Other Threads:
  0x0000000018248000 VMThread [stack: 0x0000000019f30000,0x000000001a030000] [id=6132]
  0x000000001a07e000 WatcherThread [stack: 0x000000001ae40000,0x000000001af40000] [id=14072]

VM state:not at safepoint (normal execution)

VM Mutex/Monitor currently owned by a thread: None

heap address: 0x0000000080000000, size: 2048 MB, Compressed Oops mode: 32-bit
Narrow klass base: 0x0000000000000000, Narrow klass shift: 3
Compressed class space size: 1073741824 Address: 0x0000000100000000

Heap:
 PSYoungGen      total 412160K, used 142218K [0x00000000d5580000, 0x00000000f5200000, 0x0000000100000000)
  eden space 364544K, 33% used [0x00000000d5580000,0x00000000dcbf2e18,0x00000000eb980000)
  from space 47616K, 43% used [0x00000000eb980000,0x00000000ecdefaa8,0x00000000ee800000)
  to   space 45568K, 0% used [0x00000000f2580000,0x00000000f2580000,0x00000000f5200000)
 ParOldGen       total 222208K, used 87949K [0x0000000080000000, 0x000000008d900000, 0x00000000d5580000)
  object space 222208K, 39% used [0x0000000080000000,0x00000000855e36d0,0x000000008d900000)
 Metaspace       used 98728K, capacity 103828K, committed 103960K, reserved 1140736K
  class space    used 13038K, capacity 14063K, committed 14128K, reserved 1048576K

Card table byte_map: [0x00000000125a0000,0x00000000129b0000] byte_map_base: 0x00000000121a0000

Marking Bits: (ParMarkBitMap*) 0x000000006e59f030
 Begin Bits: [0x0000000013460000, 0x0000000015460000)
 End Bits:   [0x0000000015460000, 0x0000000017460000)

Polling page: 0x0000000001670000

CodeCache: size=245760Kb used=43097Kb max_used=43114Kb free=202662Kb
 bounds [0x00000000031e0000, 0x0000000005d30000, 0x00000000121e0000]
 total_blobs=13704 nmethods=12698 adapters=918
 compilation: enabled

Compilation events (10 events):
Event: 40.088 Thread 0x000000001a06c000 15517       3       org.jetbrains.kotlin.gradle.internal.kapt.incremental.ClasspathEntryData::writeObject (1265 bytes)
Event: 40.096 Thread 0x000000001a068000 nmethod 15501 0x00000000043d1f10 code [0x00000000043d2180, 0x00000000043d4750]
Event: 40.096 Thread 0x000000001a068000 15513       4       java.util.ComparableTimSort::countRunAndMakeAscending (123 bytes)
Event: 40.099 Thread 0x000000001a06c000 nmethod 15517 0x0000000005d0ced0 code [0x0000000005d0de00, 0x0000000005d19ac8]
Event: 40.108 Thread 0x000000001a068000 nmethod 15513 0x0000000004f08610 code [0x0000000004f087a0, 0x0000000004f09198]
Event: 40.108 Thread 0x000000001a068000 15518       4       java.util.ComparableTimSort::sort (219 bytes)
Event: 40.116 Thread 0x000000001a06c000 15523       3       com.android.build.gradle.internal.dependency.VariantDependencies::getArtifactCollection (264 bytes)
Event: 40.118 Thread 0x000000001a06c000 nmethod 15523 0x0000000004136b10 code [0x0000000004136e20, 0x0000000004138248]
Event: 40.143 Thread 0x000000001825b000 nmethod 15495 0x00000000058c9310 code [0x00000000058c96e0, 0x00000000058cd3a0]
Event: 40.143 Thread 0x000000001825b000 15524       4       java.io.ObjectInputStream$BlockDataInputStream::readFully (42 bytes)

GC Heap History (10 events):
Event: 14.739 GC heap before
{Heap before GC invocations=15 (full 3):
 PSYoungGen      total 285696K, used 281908K [0x00000000d5580000, 0x00000000ec480000, 0x0000000100000000)
  eden space 262144K, 100% used [0x00000000d5580000,0x00000000e5580000,0x00000000e5580000)
  from space 23552K, 83% used [0x00000000e5580000,0x00000000e68cd1a0,0x00000000e6c80000)
  to   space 25600K, 0% used [0x00000000eab80000,0x00000000eab80000,0x00000000ec480000)
 ParOldGen       total 131072K, used 40472K [0x0000000080000000, 0x0000000088000000, 0x00000000d5580000)
  object space 131072K, 30% used [0x0000000080000000,0x00000000827863f8,0x0000000088000000)
 Metaspace       used 80740K, capacity 84558K, committed 84888K, reserved 1122304K
  class space    used 10875K, capacity 11632K, committed 11696K, reserved 1048576K
Event: 14.762 GC heap after
Heap after GC invocations=15 (full 3):
 PSYoungGen      total 342016K, used 25593K [0x00000000d5580000, 0x00000000ecf80000, 0x0000000100000000)
  eden space 316416K, 0% used [0x00000000d5580000,0x00000000d5580000,0x00000000e8a80000)
  from space 25600K, 99% used [0x00000000eab80000,0x00000000ec47e590,0x00000000ec480000)
  to   space 33792K, 0% used [0x00000000e8a80000,0x00000000e8a80000,0x00000000eab80000)
 ParOldGen       total 131072K, used 51894K [0x0000000080000000, 0x0000000088000000, 0x00000000d5580000)
  object space 131072K, 39% used [0x0000000080000000,0x00000000832adb30,0x0000000088000000)
 Metaspace       used 80740K, capacity 84558K, committed 84888K, reserved 1122304K
  class space    used 10875K, capacity 11632K, committed 11696K, reserved 1048576K
}
Event: 26.074 GC heap before
{Heap before GC invocations=16 (full 3):
 PSYoungGen      total 342016K, used 342009K [0x00000000d5580000, 0x00000000ecf80000, 0x0000000100000000)
  eden space 316416K, 100% used [0x00000000d5580000,0x00000000e8a80000,0x00000000e8a80000)
  from space 25600K, 99% used [0x00000000eab80000,0x00000000ec47e590,0x00000000ec480000)
  to   space 33792K, 0% used [0x00000000e8a80000,0x00000000e8a80000,0x00000000eab80000)
 ParOldGen       total 131072K, used 51894K [0x0000000080000000, 0x0000000088000000, 0x00000000d5580000)
  object space 131072K, 39% used [0x0000000080000000,0x00000000832adb30,0x0000000088000000)
 Metaspace       used 89162K, capacity 94060K, committed 94360K, reserved 1130496K
  class space    used 11971K, capacity 12923K, committed 12976K, reserved 1048576K
Event: 26.105 GC heap after
Heap after GC invocations=16 (full 3):
 PSYoungGen      total 350208K, used 27213K [0x00000000d5580000, 0x00000000f0b80000, 0x0000000100000000)
  eden space 316416K, 0% used [0x00000000d5580000,0x00000000d5580000,0x00000000e8a80000)
  from space 33792K, 80% used [0x00000000e8a80000,0x00000000ea513500,0x00000000eab80000)
  to   space 36352K, 0% used [0x00000000ee800000,0x00000000ee800000,0x00000000f0b80000)
 ParOldGen       total 131072K, used 74668K [0x0000000080000000, 0x0000000088000000, 0x00000000d5580000)
  object space 131072K, 56% used [0x0000000080000000,0x00000000848eb370,0x0000000088000000)
 Metaspace       used 89162K, capacity 94060K, committed 94360K, reserved 1130496K
  class space    used 11971K, capacity 12923K, committed 12976K, reserved 1048576K
}
Event: 29.290 GC heap before
{Heap before GC invocations=17 (full 3):
 PSYoungGen      total 350208K, used 219691K [0x00000000d5580000, 0x00000000f0b80000, 0x0000000100000000)
  eden space 316416K, 60% used [0x00000000d5580000,0x00000000e1177a58,0x00000000e8a80000)
  from space 33792K, 80% used [0x00000000e8a80000,0x00000000ea513500,0x00000000eab80000)
  to   space 36352K, 0% used [0x00000000ee800000,0x00000000ee800000,0x00000000f0b80000)
 ParOldGen       total 131072K, used 74668K [0x0000000080000000, 0x0000000088000000, 0x00000000d5580000)
  object space 131072K, 56% used [0x0000000080000000,0x00000000848eb370,0x0000000088000000)
 Metaspace       used 93442K, capacity 98472K, committed 98600K, reserved 1134592K
  class space    used 12416K, capacity 13409K, committed 13488K, reserved 1048576K
Event: 29.324 GC heap after
Heap after GC invocations=17 (full 3):
 PSYoungGen      total 400896K, used 36337K [0x00000000d5580000, 0x00000000f2100000, 0x0000000100000000)
  eden space 364544K, 0% used [0x00000000d5580000,0x00000000d5580000,0x00000000eb980000)
  from space 36352K, 99% used [0x00000000ee800000,0x00000000f0b7c598,0x00000000f0b80000)
  to   space 47616K, 0% used [0x00000000eb980000,0x00000000eb980000,0x00000000ee800000)
 ParOldGen       total 131072K, used 88452K [0x0000000080000000, 0x0000000088000000, 0x00000000d5580000)
  object space 131072K, 67% used [0x0000000080000000,0x0000000085661308,0x0000000088000000)
 Metaspace       used 93442K, capacity 98472K, committed 98600K, reserved 1134592K
  class space    used 12416K, capacity 13409K, committed 13488K, reserved 1048576K
}
Event: 29.324 GC heap before
{Heap before GC invocations=18 (full 4):
 PSYoungGen      total 400896K, used 36337K [0x00000000d5580000, 0x00000000f2100000, 0x0000000100000000)
  eden space 364544K, 0% used [0x00000000d5580000,0x00000000d5580000,0x00000000eb980000)
  from space 36352K, 99% used [0x00000000ee800000,0x00000000f0b7c598,0x00000000f0b80000)
  to   space 47616K, 0% used [0x00000000eb980000,0x00000000eb980000,0x00000000ee800000)
 ParOldGen       total 131072K, used 88452K [0x0000000080000000, 0x0000000088000000, 0x00000000d5580000)
  object space 131072K, 67% used [0x0000000080000000,0x0000000085661308,0x0000000088000000)
 Metaspace       used 93442K, capacity 98472K, committed 98600K, reserved 1134592K
  class space    used 12416K, capacity 13409K, committed 13488K, reserved 1048576K
Event: 29.546 GC heap after
Heap after GC invocations=18 (full 4):
 PSYoungGen      total 400896K, used 0K [0x00000000d5580000, 0x00000000f2100000, 0x0000000100000000)
  eden space 364544K, 0% used [0x00000000d5580000,0x00000000d5580000,0x00000000eb980000)
  from space 36352K, 0% used [0x00000000ee800000,0x00000000ee800000,0x00000000f0b80000)
  to   space 47616K, 0% used [0x00000000eb980000,0x00000000eb980000,0x00000000ee800000)
 ParOldGen       total 222208K, used 87941K [0x0000000080000000, 0x000000008d900000, 0x00000000d5580000)
  object space 222208K, 39% used [0x0000000080000000,0x00000000855e16d0,0x000000008d900000)
 Metaspace       used 93211K, capacity 97794K, committed 98600K, reserved 1134592K
  class space    used 12343K, capacity 13280K, committed 13488K, reserved 1048576K
}
Event: 36.389 GC heap before
{Heap before GC invocations=19 (full 4):
 PSYoungGen      total 400896K, used 364544K [0x00000000d5580000, 0x00000000f2100000, 0x0000000100000000)
  eden space 364544K, 100% used [0x00000000d5580000,0x00000000eb980000,0x00000000eb980000)
  from space 36352K, 0% used [0x00000000ee800000,0x00000000ee800000,0x00000000f0b80000)
  to   space 47616K, 0% used [0x00000000eb980000,0x00000000eb980000,0x00000000ee800000)
 ParOldGen       total 222208K, used 87941K [0x0000000080000000, 0x000000008d900000, 0x00000000d5580000)
  object space 222208K, 39% used [0x0000000080000000,0x00000000855e16d0,0x000000008d900000)
 Metaspace       used 96356K, capacity 101308K, committed 101656K, reserved 1136640K
  class space    used 12743K, capacity 13755K, committed 13872K, reserved 1048576K
Event: 36.407 GC heap after
Heap after GC invocations=19 (full 4):
 PSYoungGen      total 412160K, used 20926K [0x00000000d5580000, 0x00000000f5200000, 0x0000000100000000)
  eden space 364544K, 0% used [0x00000000d5580000,0x00000000d5580000,0x00000000eb980000)
  from space 47616K, 43% used [0x00000000eb980000,0x00000000ecdefaa8,0x00000000ee800000)
  to   space 45568K, 0% used [0x00000000f2580000,0x00000000f2580000,0x00000000f5200000)
 ParOldGen       total 222208K, used 87949K [0x0000000080000000, 0x000000008d900000, 0x00000000d5580000)
  object space 222208K, 39% used [0x0000000080000000,0x00000000855e36d0,0x000000008d900000)
 Metaspace       used 96356K, capacity 101308K, committed 101656K, reserved 1136640K
  class space    used 12743K, capacity 13755K, committed 13872K, reserved 1048576K
}

Deoptimization events (10 events):
Event: 39.944 Thread 0x000000001cddd800 Uncommon trap: reason=array_check action=maybe_recompile pc=0x00000000050b42a0 method=java.util.ComparableTimSort.binarySort([Ljava/lang/Object;III)V @ 183
Event: 39.945 Thread 0x000000001cddd800 Uncommon trap: reason=array_check action=maybe_recompile pc=0x00000000050b42a0 method=java.util.ComparableTimSort.binarySort([Ljava/lang/Object;III)V @ 183
Event: 40.011 Thread 0x000000001cddd800 Uncommon trap: reason=predicate action=maybe_recompile pc=0x0000000004fd55d8 method=java.util.ComparableTimSort.reverseRange([Ljava/lang/Object;II)V @ 8
Event: 40.098 Thread 0x000000001cddd800 Uncommon trap: reason=predicate action=maybe_recompile pc=0x00000000043d408c method=java.util.ComparableTimSort.reverseRange([Ljava/lang/Object;II)V @ 8
Event: 40.109 Thread 0x000000001cddd800 Uncommon trap: reason=array_check action=maybe_recompile pc=0x0000000004f09034 method=java.util.ComparableTimSort.reverseRange([Ljava/lang/Object;II)V @ 20
Event: 40.109 Thread 0x000000001cddd800 Uncommon trap: reason=array_check action=maybe_recompile pc=0x0000000004f09034 method=java.util.ComparableTimSort.reverseRange([Ljava/lang/Object;II)V @ 20
Event: 40.109 Thread 0x000000001cddd800 Uncommon trap: reason=array_check action=maybe_recompile pc=0x0000000004f09034 method=java.util.ComparableTimSort.reverseRange([Ljava/lang/Object;II)V @ 20
Event: 40.109 Thread 0x000000001cddd800 Uncommon trap: reason=array_check action=maybe_recompile pc=0x0000000004f09034 method=java.util.ComparableTimSort.reverseRange([Ljava/lang/Object;II)V @ 20
Event: 40.133 Thread 0x000000001cddd800 Uncommon trap: reason=array_check action=maybe_recompile pc=0x0000000005579880 method=java.util.TimSort.reverseRange([Ljava/lang/Object;II)V @ 27
Event: 40.134 Thread 0x000000001c1d8800 Uncommon trap: reason=unstable_if action=reinterpret pc=0x0000000003d5b89c method=java.util.concurrent.SynchronousQueue$TransferStack.shouldSpin(Ljava/util/concurrent/SynchronousQueue$TransferStack$SNode;)Z @ 7

Classes redefined (0 events):
No events

Internal exceptions (10 events):
Event: 37.023 Thread 0x000000001cddb000 Exception <a 'java/lang/NoSuchMethodError': <clinit>> (0x00000000d9810bf0) thrown at [C:\src\AOSP-openjdk-git\hotspot\src\share\vm\prims\jni.cpp, line 1615]
Event: 37.027 Thread 0x000000001bf79800 Exception <a 'java/lang/InterruptedException'> (0x00000000d98a51e0) thrown at [C:\src\AOSP-openjdk-git\hotspot\src\share\vm\runtime\objectMonitor.cpp, line 1680]
Event: 37.042 Thread 0x000000001cddb000 Exception <a 'java/lang/NoSuchMethodError': <clinit>> (0x00000000d98852a8) thrown at [C:\src\AOSP-openjdk-git\hotspot\src\share\vm\prims\jni.cpp, line 1615]
Event: 37.042 Thread 0x000000001cddb000 Exception <a 'java/lang/NoSuchMethodError': <clinit>> (0x00000000d98931b8) thrown at [C:\src\AOSP-openjdk-git\hotspot\src\share\vm\prims\jni.cpp, line 1615]
Event: 37.043 Thread 0x000000001cddb000 Exception <a 'java/lang/NoSuchMethodError': <clinit>> (0x00000000d98a2d70) thrown at [C:\src\AOSP-openjdk-git\hotspot\src\share\vm\prims\jni.cpp, line 1615]
Event: 37.049 Thread 0x000000001cddb000 Exception <a 'java/lang/NoSuchMethodError': <clinit>> (0x00000000d9918c70) thrown at [C:\src\AOSP-openjdk-git\hotspot\src\share\vm\prims\jni.cpp, line 1615]
Event: 37.078 Thread 0x000000001cddb000 Exception <a 'java/lang/NoSuchMethodError': <clinit>> (0x00000000d9a6f330) thrown at [C:\src\AOSP-openjdk-git\hotspot\src\share\vm\prims\jni.cpp, line 1615]
Event: 37.103 Thread 0x000000001cddb000 Exception <a 'java/lang/NoSuchMethodError': <clinit>> (0x00000000d9b3d658) thrown at [C:\src\AOSP-openjdk-git\hotspot\src\share\vm\prims\jni.cpp, line 1615]
Event: 39.856 Thread 0x000000001cddd800 Exception <a 'java/lang/NoSuchMethodError': <clinit>> (0x00000000db4d8d58) thrown at [C:\src\AOSP-openjdk-git\hotspot\src\share\vm\prims\jni.cpp, line 1615]
Event: 40.133 Thread 0x000000001cddd800 Exception <a 'java/lang/NoSuchMethodError': <clinit>> (0x00000000dc9fb498) thrown at [C:\src\AOSP-openjdk-git\hotspot\src\share\vm\prims\jni.cpp, line 1615]

Events (10 events):
Event: 40.140 loading class org/jetbrains/kotlin/base/kapt3/KaptFlags
Event: 40.140 loading class org/jetbrains/kotlin/base/kapt3/KaptFlags done
Event: 40.140 loading class org/jetbrains/kotlin/base/kapt3/KaptOptions
Event: 40.140 loading class org/jetbrains/kotlin/base/kapt3/KaptOptions done
Event: 40.141 loading class org/jetbrains/kotlin/kapt3/base/util/KaptLogger
Event: 40.141 loading class org/jetbrains/kotlin/kapt3/base/util/KaptLogger done
Event: 40.141 loading class kotlin/jvm/internal/Intrinsics
Event: 40.141 loading class kotlin/jvm/internal/Intrinsics done
Event: 40.144 loading class kotlin/KotlinNullPointerException
Event: 40.144 loading class kotlin/KotlinNullPointerException done


Dynamic libraries:
0x00007ff61e1d0000 - 0x00007ff61e201000 	D:\Android studio bazasi\Android Studio\jre\bin\java.exe
0x00007ffcc0ed0000 - 0x00007ffcc10c5000 	C:\WINDOWS\SYSTEM32\ntdll.dll
0x00007ffcc0210000 - 0x00007ffcc02cd000 	C:\WINDOWS\System32\KERNEL32.DLL
0x00007ffcbe7a0000 - 0x00007ffcbea68000 	C:\WINDOWS\System32\KERNELBASE.dll
0x00007ffcbef40000 - 0x00007ffcbefec000 	C:\WINDOWS\System32\ADVAPI32.dll
0x00007ffcbfe60000 - 0x00007ffcbfefe000 	C:\WINDOWS\System32\msvcrt.dll
0x00007ffcbff00000 - 0x00007ffcbff9b000 	C:\WINDOWS\System32\sechost.dll
0x00007ffcbf860000 - 0x00007ffcbf98b000 	C:\WINDOWS\System32\RPCRT4.dll
0x00007ffcc08f0000 - 0x00007ffcc0a90000 	C:\WINDOWS\System32\USER32.dll
0x00007ffcbe720000 - 0x00007ffcbe742000 	C:\WINDOWS\System32\win32u.dll
0x00007ffcc02d0000 - 0x00007ffcc02fa000 	C:\WINDOWS\System32\GDI32.dll
0x00007ffcbe610000 - 0x00007ffcbe71b000 	C:\WINDOWS\System32\gdi32full.dll
0x00007ffcbeb00000 - 0x00007ffcbeb9d000 	C:\WINDOWS\System32\msvcp_win.dll
0x00007ffcbede0000 - 0x00007ffcbeee0000 	C:\WINDOWS\System32\ucrtbase.dll
0x00007ffcb1f40000 - 0x00007ffcb21da000 	C:\WINDOWS\WinSxS\amd64_microsoft.windows.common-controls_6595b64144ccf1df_6.0.19041.1052_none_60b8f8fd71f5e8cb\COMCTL32.dll
0x00007ffcc0a90000 - 0x00007ffcc0ac0000 	C:\WINDOWS\System32\IMM32.DLL
0x000000006dcf0000 - 0x000000006ddc2000 	D:\Android studio bazasi\Android Studio\jre\jre\bin\msvcr100.dll
0x000000006ddd0000 - 0x000000006e61b000 	D:\Android studio bazasi\Android Studio\jre\jre\bin\server\jvm.dll
0x00007ffcbffa0000 - 0x00007ffcbffa8000 	C:\WINDOWS\System32\PSAPI.DLL
0x00007ffcb7d40000 - 0x00007ffcb7d49000 	C:\WINDOWS\SYSTEM32\WSOCK32.dll
0x00007ffcc0ca0000 - 0x00007ffcc0d0b000 	C:\WINDOWS\System32\WS2_32.dll
0x00007ffcb90c0000 - 0x00007ffcb90ca000 	C:\WINDOWS\SYSTEM32\VERSION.dll
0x00007ffcb3110000 - 0x00007ffcb3137000 	C:\WINDOWS\SYSTEM32\WINMM.dll
0x00007ffcb5230000 - 0x00007ffcb523f000 	D:\Android studio bazasi\Android Studio\jre\jre\bin\verify.dll
0x00007ffca0280000 - 0x00007ffca02a9000 	D:\Android studio bazasi\Android Studio\jre\jre\bin\java.dll
0x00007ffca0120000 - 0x00007ffca0136000 	D:\Android studio bazasi\Android Studio\jre\jre\bin\zip.dll
0x00007ffcbf120000 - 0x00007ffcbf85f000 	C:\WINDOWS\System32\SHELL32.dll
0x00007ffcbc760000 - 0x00007ffcbcef0000 	C:\WINDOWS\SYSTEM32\windows.storage.dll
0x00007ffcc0430000 - 0x00007ffcc0785000 	C:\WINDOWS\System32\combase.dll
0x00007ffcbdfb0000 - 0x00007ffcbdfdc000 	C:\WINDOWS\SYSTEM32\Wldp.dll
0x00007ffcc0840000 - 0x00007ffcc08ee000 	C:\WINDOWS\System32\SHCORE.dll
0x00007ffcbf990000 - 0x00007ffcbf9e5000 	C:\WINDOWS\System32\shlwapi.dll
0x00007ffcbe550000 - 0x00007ffcbe56f000 	C:\WINDOWS\SYSTEM32\profapi.dll
0x00007ffc9e7a0000 - 0x00007ffc9e7ba000 	D:\Android studio bazasi\Android Studio\jre\jre\bin\net.dll
0x00007ffcbdd20000 - 0x00007ffcbdd8a000 	C:\WINDOWS\system32\mswsock.dll
0x00007ffc9e000000 - 0x00007ffc9e013000 	D:\Android studio bazasi\Android Studio\jre\jre\bin\nio.dll
0x00007ffc9d5e0000 - 0x00007ffc9d607000 	C:\Users\ACER\.gradle\native\f6784746aeab05261644944871eae4fe03e0ef1612fff0a4a95f87b438bc6780\windows-amd64\native-platform.dll
0x00007ffcb4b10000 - 0x00007ffcb4b1d000 	D:\Android studio bazasi\Android Studio\jre\jre\bin\management.dll
0x00007ffcbdef0000 - 0x00007ffcbdf08000 	C:\WINDOWS\SYSTEM32\CRYPTSP.dll
0x00007ffcbd6c0000 - 0x00007ffcbd6f4000 	C:\WINDOWS\system32\rsaenh.dll
0x00007ffcbec50000 - 0x00007ffcbec77000 	C:\WINDOWS\System32\bcrypt.dll
0x00007ffcbe4d0000 - 0x00007ffcbe4fe000 	C:\WINDOWS\SYSTEM32\USERENV.dll
0x00007ffcbea70000 - 0x00007ffcbeaf3000 	C:\WINDOWS\System32\bcryptprimitives.dll
0x00007ffcbdf10000 - 0x00007ffcbdf1c000 	C:\WINDOWS\SYSTEM32\CRYPTBASE.dll
0x00007ffcbda10000 - 0x00007ffcbda4b000 	C:\WINDOWS\SYSTEM32\IPHLPAPI.DLL
0x00007ffcc0170000 - 0x00007ffcc0178000 	C:\WINDOWS\System32\NSI.dll
0x00007ffcb5790000 - 0x00007ffcb57a7000 	C:\WINDOWS\SYSTEM32\dhcpcsvc6.DLL
0x00007ffcb5770000 - 0x00007ffcb578d000 	C:\WINDOWS\SYSTEM32\dhcpcsvc.DLL
0x00007ffcbda50000 - 0x00007ffcbdb1c000 	C:\WINDOWS\SYSTEM32\DNSAPI.dll
0x00007ffcb59b0000 - 0x00007ffcb59bb000 	C:\WINDOWS\SYSTEM32\WINNSI.DLL
0x00007ffc7d3e0000 - 0x00007ffc7d57c000 	D:\Android studio bazasi\Android Studio\jre\jre\bin\awt.dll
0x00007ffcbeff0000 - 0x00007ffcbf0bd000 	C:\WINDOWS\System32\OLEAUT32.dll
0x00007ffcbc470000 - 0x00007ffcbc49f000 	C:\WINDOWS\SYSTEM32\dwmapi.dll
0x00007ffcb25d0000 - 0x00007ffcb2b90000 	C:\WINDOWS\SYSTEM32\d2d1.dll
0x00007ffcbbff0000 - 0x00007ffcbc080000 	C:\WINDOWS\SYSTEM32\apphelp.dll
0x00007ffcbc1c0000 - 0x00007ffcbc25e000 	C:\WINDOWS\system32\uxtheme.dll

VM Arguments:
jvm_args: -Xmx2048m -Dfile.encoding=UTF-8 -Duser.country=RU -Duser.language=ru -Duser.variant 
java_command: org.gradle.launcher.daemon.bootstrap.GradleDaemon 6.5
java_class_path (initial): C:\Users\ACER\.gradle\wrapper\dists\gradle-6.5-bin\6nifqtx7604sqp1q6g8wikw7p\gradle-6.5\lib\gradle-launcher-6.5.jar
Launcher Type: SUN_STANDARD

Environment Variables:
PATH=C:\Program Files (x86)\Common Files\Oracle\Java\javapath;C:\Windows\system32;C:\Windows;C:\Windows\System32\Wbem;C:\Windows\System32\WindowsPowerShell\v1.0\;C:\Windows\System32\OpenSSH\;C:\Program Files (x86)\NVIDIA Corporation\PhysX\Common;C:\WINDOWS\system32;C:\WINDOWS;C:\WINDOWS\System32\Wbem;C:\WINDOWS\System32\OpenSSH\;C:\WINDOWS\System32\WindowsPowerShell\v1.0\;C:\Program Files\Java\jdk1.8.0_261\bin\;C:\Users\ACER\AppData\Local\Microsoft\WindowsApps;;C:\Users\ACER\AppData\Local\Programs\Microsoft VS Code\bin
USERNAME=ACER
OS=Windows_NT
PROCESSOR_IDENTIFIER=Intel64 Family 6 Model 142 Stepping 12, GenuineIntel



---------------  S Y S T E M  ---------------

OS: Windows 10.0 , 64 bit Build 19041 (10.0.19041.1023)

CPU:total 8 (initial active 8) (4 cores per cpu, 2 threads per core) family 6 model 142 stepping 12, cmov, cx8, fxsr, mmx, sse, sse2, sse3, ssse3, sse4.1, sse4.2, popcnt, avx, avx2, aes, clmul, erms, 3dnowpref, lzcnt, ht, tsc, tscinvbit, bmi1, bmi2, adx

Memory: 4k page, physical 8098740k(881972k free), swap 12223412k(3604k free)

vm_info: OpenJDK 64-Bit Server VM (25.242-b01) for windows-amd64 JRE (1.8.0_242-release-1644-b01), built by "builder" with MS VC++ 10.0 (VS2010)

time: Mon Jul 26 00:36:36 2021
timezone:   ()
elapsed time: 40 seconds (0d 0h 0m 40s)

